d:\caitlynn\documents\uniwork\masters\sphereassignment\sphereassignment2d\sphereassignment2d\x64\debug\vc143.pdb
d:\caitlynn\documents\uniwork\masters\sphereassignment\sphereassignment2d\sphereassignment2d\x64\debug\vc143.idb
d:\caitlynn\documents\uniwork\masters\sphereassignment\sphereassignment2d\sphereassignment2d\x64\debug\timer.obj
d:\caitlynn\documents\uniwork\masters\sphereassignment\sphereassignment2d\sphereassignment2d\x64\debug\ccircle.obj
d:\caitlynn\documents\uniwork\masters\sphereassignment\sphereassignment2d\sphereassignment2d\x64\debug\main.obj
d:\caitlynn\documents\uniwork\masters\sphereassignment\sphereassignment2d\sphereassignment2d\x64\debug\sphereassignment2d.pdb
d:\caitlynn\documents\uniwork\masters\sphereassignment\sphereassignment2d\sphereassignment2d\x64\debug\sphereas.ddf7b491.tlog\cl.command.1.tlog
d:\caitlynn\documents\uniwork\masters\sphereassignment\sphereassignment2d\sphereassignment2d\x64\debug\sphereas.ddf7b491.tlog\cl.read.1.tlog
d:\caitlynn\documents\uniwork\masters\sphereassignment\sphereassignment2d\sphereassignment2d\x64\debug\sphereas.ddf7b491.tlog\cl.write.1.tlog
d:\caitlynn\documents\uniwork\masters\sphereassignment\sphereassignment2d\sphereassignment2d\x64\debug\sphereas.ddf7b491.tlog\link-cvtres.read.1.tlog
d:\caitlynn\documents\uniwork\masters\sphereassignment\sphereassignment2d\sphereassignment2d\x64\debug\sphereas.ddf7b491.tlog\link-cvtres.write.1.tlog
d:\caitlynn\documents\uniwork\masters\sphereassignment\sphereassignment2d\sphereassignment2d\x64\debug\sphereas.ddf7b491.tlog\link-rc.read.1.tlog
d:\caitlynn\documents\uniwork\masters\sphereassignment\sphereassignment2d\sphereassignment2d\x64\debug\sphereas.ddf7b491.tlog\link-rc.write.1.tlog
d:\caitlynn\documents\uniwork\masters\sphereassignment\sphereassignment2d\sphereassignment2d\x64\debug\sphereas.ddf7b491.tlog\link.29644-cvtres.read.1.tlog
d:\caitlynn\documents\uniwork\masters\sphereassignment\sphereassignment2d\sphereassignment2d\x64\debug\sphereas.ddf7b491.tlog\link.29644-cvtres.write.1.tlog
d:\caitlynn\documents\uniwork\masters\sphereassignment\sphereassignment2d\sphereassignment2d\x64\debug\sphereas.ddf7b491.tlog\link.29644-rc.read.1.tlog
d:\caitlynn\documents\uniwork\masters\sphereassignment\sphereassignment2d\sphereassignment2d\x64\debug\sphereas.ddf7b491.tlog\link.29644-rc.write.1.tlog
d:\caitlynn\documents\uniwork\masters\sphereassignment\sphereassignment2d\sphereassignment2d\x64\debug\sphereas.ddf7b491.tlog\link.29644.read.1.tlog
d:\caitlynn\documents\uniwork\masters\sphereassignment\sphereassignment2d\sphereassignment2d\x64\debug\sphereas.ddf7b491.tlog\link.29644.read.2.tlog
d:\caitlynn\documents\uniwork\masters\sphereassignment\sphereassignment2d\sphereassignment2d\x64\debug\sphereas.ddf7b491.tlog\link.29644.write.1.tlog
d:\caitlynn\documents\uniwork\masters\sphereassignment\sphereassignment2d\sphereassignment2d\x64\debug\sphereas.ddf7b491.tlog\link.command.1.tlog
d:\caitlynn\documents\uniwork\masters\sphereassignment\sphereassignment2d\sphereassignment2d\x64\debug\sphereas.ddf7b491.tlog\link.read.1.tlog
d:\caitlynn\documents\uniwork\masters\sphereassignment\sphereassignment2d\sphereassignment2d\x64\debug\sphereas.ddf7b491.tlog\link.read.2.tlog
d:\caitlynn\documents\uniwork\masters\sphereassignment\sphereassignment2d\sphereassignment2d\x64\debug\sphereas.ddf7b491.tlog\link.write.1.tlog
